{
  "stats": {
    "suites": 2,
    "tests": 8,
    "passes": 8,
    "pending": 0,
    "failures": 0,
    "start": "2024-03-09T20:15:58.765Z",
    "end": "2024-03-09T20:16:28.235Z",
    "duration": 29470,
    "testsRegistered": 8,
    "passPercent": 100,
    "pendingPercent": 0,
    "other": 0,
    "hasOther": false,
    "skipped": 0,
    "hasSkipped": false
  },
  "results": [
    {
      "uuid": "f09ef219-2052-4ed6-8493-4434276e9055",
      "title": "",
      "fullFile": "cypress\\e2e\\modals.cy.js",
      "file": "cypress\\e2e\\modals.cy.js",
      "beforeHooks": [],
      "afterHooks": [],
      "tests": [],
      "suites": [
        {
          "uuid": "4c3cabab-5044-4cff-95e7-c64e11760838",
          "title": "Single modals",
          "fullFile": "",
          "file": "",
          "beforeHooks": [],
          "afterHooks": [],
          "tests": [
            {
              "title": "verify single modal appearance",
              "fullTitle": "Single modals verify single modal appearance",
              "timedOut": null,
              "duration": 7472,
              "state": "passed",
              "speed": "medium",
              "pass": true,
              "fail": false,
              "pending": false,
              "context": null,
              "code": "cy.fixture('alerts&ModalsLocators.json').then(modals => {\n  cy.getModalsPage() // created a custom command to navigate to the modals page.\n  .get(modals.single_modal_btn).click().get(modals.single_modal).should('be.visible');\n});",
              "err": {},
              "uuid": "e38441d8-60fd-4f55-b9c9-23d509601199",
              "parentUUID": "4c3cabab-5044-4cff-95e7-c64e11760838",
              "isHook": false,
              "skipped": false
            },
            {
              "title": "verify single modal can be canceled",
              "fullTitle": "Single modals verify single modal can be canceled",
              "timedOut": null,
              "duration": 3205,
              "state": "passed",
              "speed": "fast",
              "pass": true,
              "fail": false,
              "pending": false,
              "context": null,
              "code": "cy.fixture('alerts&ModalsLocators.json').then(modals => {\n  cy.getModalsPage().get(modals.single_modal_btn).click().get(modals.single_modal).should('be.visible').get(modals.cancel_single_modal_btn).click().get(modals.single_modal).should('not.be.visible');\n});",
              "err": {},
              "uuid": "3f6c0c63-c30e-4b1c-a0e0-3093c00b0188",
              "parentUUID": "4c3cabab-5044-4cff-95e7-c64e11760838",
              "isHook": false,
              "skipped": false
            },
            {
              "title": "verify user can save changes",
              "fullTitle": "Single modals verify user can save changes",
              "timedOut": null,
              "duration": 2907,
              "state": "passed",
              "speed": "fast",
              "pass": true,
              "fail": false,
              "pending": false,
              "context": null,
              "code": "cy.fixture('alerts&ModalsLocators.json').then(modals => {\n  cy.getModalsPage().get(modals.single_modal_btn).click().get(modals.single_modal).should('be.visible').get(modals.single_modal_save_btn).click().get(modals.single_modal).should('not.be.visible');\n});",
              "err": {},
              "uuid": "d6a7051a-5423-4618-9c89-b74dd833f3ec",
              "parentUUID": "4c3cabab-5044-4cff-95e7-c64e11760838",
              "isHook": false,
              "skipped": false
            }
          ],
          "suites": [],
          "passes": [
            "e38441d8-60fd-4f55-b9c9-23d509601199",
            "3f6c0c63-c30e-4b1c-a0e0-3093c00b0188",
            "d6a7051a-5423-4618-9c89-b74dd833f3ec"
          ],
          "failures": [],
          "pending": [],
          "skipped": [],
          "duration": 13584,
          "root": false,
          "rootEmpty": false,
          "_timeout": 2000
        },
        {
          "uuid": "576ddc84-0925-4651-906b-9b038afaf882",
          "title": "multiple modals",
          "fullFile": "",
          "file": "",
          "beforeHooks": [],
          "afterHooks": [],
          "tests": [
            {
              "title": "verify that the user can launch multiple modals",
              "fullTitle": "multiple modals verify that the user can launch multiple modals",
              "timedOut": null,
              "duration": 2765,
              "state": "passed",
              "speed": "fast",
              "pass": true,
              "fail": false,
              "pending": false,
              "context": null,
              "code": "cy.fixture('alerts&ModalsLocators.json').then(modals => {\n  cy.getModalsPage().get(modals.multi_modal_btn).click().get(modals.first_modal).should('be.visible').get(modals.multi_modal_btn2).click().get(modals.second_modal).should('be.visible');\n});",
              "err": {},
              "uuid": "cec036bf-79e5-40ae-9d6e-3c6553bf0c89",
              "parentUUID": "576ddc84-0925-4651-906b-9b038afaf882",
              "isHook": false,
              "skipped": false
            },
            {
              "title": "verify that the user can close first modal",
              "fullTitle": "multiple modals verify that the user can close first modal",
              "timedOut": null,
              "duration": 1926,
              "state": "passed",
              "speed": "fast",
              "pass": true,
              "fail": false,
              "pending": false,
              "context": null,
              "code": "cy.fixture('alerts&ModalsLocators.json').then(modals => {\n  cy.getModalsPage().get(modals.multi_modal_btn).click().get(modals.first_modal).should('be.visible').get(modals.first_close_btn).click().get(modals.first_modal).should('not.be.visible');\n});",
              "err": {},
              "uuid": "40bc41a0-2b72-420f-9a3c-268270c4fa56",
              "parentUUID": "576ddc84-0925-4651-906b-9b038afaf882",
              "isHook": false,
              "skipped": false
            },
            {
              "title": "verify that the user can save first modal changes",
              "fullTitle": "multiple modals verify that the user can save first modal changes",
              "timedOut": null,
              "duration": 2563,
              "state": "passed",
              "speed": "fast",
              "pass": true,
              "fail": false,
              "pending": false,
              "context": null,
              "code": "cy.fixture('alerts&ModalsLocators.json').then(modals => {\n  cy.getModalsPage().get(modals.multi_modal_btn).click().get(modals.first_modal).should('be.visible').get(modals.first_save_btn).click().get(modals.first_modal).should('not.be.visible');\n});",
              "err": {},
              "uuid": "6b2b2f88-7dd1-4393-8124-206d96b58ec4",
              "parentUUID": "576ddc84-0925-4651-906b-9b038afaf882",
              "isHook": false,
              "skipped": false
            },
            {
              "title": "verify that the user can close second modal",
              "fullTitle": "multiple modals verify that the user can close second modal",
              "timedOut": null,
              "duration": 2096,
              "state": "passed",
              "speed": "fast",
              "pass": true,
              "fail": false,
              "pending": false,
              "context": null,
              "code": "cy.fixture('alerts&ModalsLocators.json').then(modals => {\n  cy.getModalsPage().get(modals.multi_modal_btn).click().get(modals.multi_modal_btn2).click().get(modals.second_modal).should('be.visible').get(modals.second_close_btn).click().get(modals.second_modal).should('not.be.visible');\n});",
              "err": {},
              "uuid": "89bc861a-4c55-4069-91a5-efb271c5ed26",
              "parentUUID": "576ddc84-0925-4651-906b-9b038afaf882",
              "isHook": false,
              "skipped": false
            },
            {
              "title": "verify that the user can save first modal changes",
              "fullTitle": "multiple modals verify that the user can save first modal changes",
              "timedOut": null,
              "duration": 2526,
              "state": "passed",
              "speed": "fast",
              "pass": true,
              "fail": false,
              "pending": false,
              "context": null,
              "code": "cy.fixture('alerts&ModalsLocators.json').then(modals => {\n  cy.getModalsPage().get(modals.multi_modal_btn).click().get(modals.multi_modal_btn2).click().get(modals.second_modal).should('be.visible').get(modals.second_save_btn).click().get(modals.second_modal).should('not.be.visible');\n});",
              "err": {},
              "uuid": "a7176da3-e944-4dcd-92f8-c04d0a460a2e",
              "parentUUID": "576ddc84-0925-4651-906b-9b038afaf882",
              "isHook": false,
              "skipped": false
            }
          ],
          "suites": [],
          "passes": [
            "cec036bf-79e5-40ae-9d6e-3c6553bf0c89",
            "40bc41a0-2b72-420f-9a3c-268270c4fa56",
            "6b2b2f88-7dd1-4393-8124-206d96b58ec4",
            "89bc861a-4c55-4069-91a5-efb271c5ed26",
            "a7176da3-e944-4dcd-92f8-c04d0a460a2e"
          ],
          "failures": [],
          "pending": [],
          "skipped": [],
          "duration": 11876,
          "root": false,
          "rootEmpty": false,
          "_timeout": 2000
        }
      ],
      "passes": [],
      "failures": [],
      "pending": [],
      "skipped": [],
      "duration": 0,
      "root": true,
      "rootEmpty": true,
      "_timeout": 2000
    }
  ],
  "meta": {
    "mocha": {
      "version": "7.0.1"
    },
    "mochawesome": {
      "options": {
        "quiet": false,
        "reportFilename": "mochawesome",
        "saveHtml": true,
        "saveJson": true,
        "consoleReporter": "spec",
        "useInlineDiffs": false,
        "code": true
      },
      "version": "7.1.3"
    },
    "marge": {
      "options": null,
      "version": "6.2.0"
    }
  }
}